<?xml version="1.0" encoding="UTF-8"?>
<!-- Generated by org.testng.reporters.JUnitReportReporter -->
<testsuite hostname="DELL-PC" name="testScripts.Scenario_Login" tests="1" failures="0" timestamp="26 Feb 2017 11:04:50 GMT" time="7.962" errors="0">
  <testcase name="ValidLogin" time="7.962" classname="testScripts.Scenario_Login"/>
</testsuite> <!-- testScripts.Scenario_Login -->
