<?xml version="1.0" encoding="UTF-8"?>
<!-- Generated by org.testng.reporters.JUnitReportReporter -->
<testsuite hostname="DELL-PC" name="testScripts.Scenario_Search" tests="4" failures="0" timestamp="26 Feb 2017 11:04:50 GMT" time="37.894" errors="0">
  <testcase name="validsearch" time="10.832" classname="testScripts.Scenario_Search"/>
  <testcase name="validsearch" time="8.949" classname="testScripts.Scenario_Search"/>
  <testcase name="invalidsearch" time="9.128" classname="testScripts.Scenario_Search"/>
  <testcase name="validsearch" time="8.985" classname="testScripts.Scenario_Search"/>
</testsuite> <!-- testScripts.Scenario_Search -->
