<?xml version="1.0" encoding="UTF-8"?>
<!-- Generated by org.testng.reporters.JUnitReportReporter -->
<testsuite hostname="DELL-PC" name="testScripts.Scenario_Login" tests="1" failures="0" timestamp="26 Feb 2017 11:32:49 GMT" time="2.312" errors="0">
  <testcase name="ValidLogin" time="2.312" classname="testScripts.Scenario_Login"/>
</testsuite>
