<?xml version="1.0" encoding="UTF-8"?>
<!-- Generated by org.testng.reporters.JUnitReportReporter -->
<testsuite hostname="DELL-PC" name="testScripts.Scenario_Search" tests="4" failures="0" timestamp="26 Feb 2017 11:32:49 GMT" time="14.617" errors="0">
  <testcase name="validsearch" time="4.722" classname="testScripts.Scenario_Search"/>
  <testcase name="validsearch" time="2.989" classname="testScripts.Scenario_Search"/>
  <testcase name="invalidsearch" time="2.750" classname="testScripts.Scenario_Search"/>
  <testcase name="validsearch" time="4.156" classname="testScripts.Scenario_Search"/>
</testsuite>
